Build started 27/01/2015 21:52:23.
     1>Project "E:\Projects\gorn\proj.windows\gorn.vcxproj" on node 2 (Build target(s)).
     1>ClCompile:
         C:\Program Files (x86)\Microsoft Visual Studio 12.0\VC\bin\CL.exe /c /IE:\Projects\gorn\lib /IE:\Projects\gorn\src /ZI /nologo /W3 /WX- /sdl /Od /Oy- /D _MBCS /Gm /EHsc /RTC1 /MDd /GS /fp:precise /Zc:wchar_t /Zc:forScope /Fo"Debug\\" /Fd"Debug\vc120.pdb" /Gd /TP /analyze- /errorReport:prompt ..\src\gorn\asset\FileLoader.cpp ..\src\gorn\asset\FileManager.cpp ..\src\gorn\asset\Image.cpp ..\src\gorn\base\Context.cpp ..\src\gorn\base\Data.cpp ..\src\gorn\base\String.cpp ..\src\gorn\platform\windows\Gorn.cpp ..\src\gorn\render\AttributeDefinition.cpp ..\src\gorn\render\Gl.cpp ..\src\gorn\render\Kinds.cpp ..\src\gorn\render\Material.cpp ..\src\gorn\render\MaterialDefinition.cpp ..\src\gorn\render\MaterialManager.cpp ..\src\gorn\render\Program.cpp ..\src\gorn\render\ProgramDefinition.cpp ..\src\gorn\render\ProgramManager.cpp ..\src\gorn\render\RenderCommand.cpp ..\src\gorn\render\RenderQueue.cpp ..\src\gorn\render\Shader.cpp ..\src\gorn\render\Texture.cpp ..\src\gorn\render\TextureDefinition.cpp ..\src\gorn\render\TextureManager.cpp ..\src\gorn\render\UniformValue.cpp ..\src\gorn\render\VertexArray.cpp ..\src\gorn\render\VertexBuffer.cpp ..\src\gorn\render\VertexDefinition.cpp
         VertexDefinition.cpp
     1>e:\projects\gorn\src\gorn\render\gl.hpp(45): fatal error C1083: Cannot open include file: 'GL/glew.h': No such file or directory
         VertexBuffer.cpp
     1>e:\projects\gorn\src\gorn\render\gl.hpp(45): fatal error C1083: Cannot open include file: 'GL/glew.h': No such file or directory
         VertexArray.cpp
     1>e:\projects\gorn\src\gorn\render\gl.hpp(45): fatal error C1083: Cannot open include file: 'GL/glew.h': No such file or directory
         UniformValue.cpp
     1>e:\projects\gorn\src\gorn\render\gl.hpp(45): fatal error C1083: Cannot open include file: 'GL/glew.h': No such file or directory
         TextureManager.cpp
     1>e:\projects\gorn\src\gorn\render\gl.hpp(45): fatal error C1083: Cannot open include file: 'GL/glew.h': No such file or directory
         TextureDefinition.cpp
     1>e:\projects\gorn\src\gorn\render\gl.hpp(45): fatal error C1083: Cannot open include file: 'GL/glew.h': No such file or directory
         Texture.cpp
     1>e:\projects\gorn\src\gorn\render\gl.hpp(45): fatal error C1083: Cannot open include file: 'GL/glew.h': No such file or directory
         Shader.cpp
     1>e:\projects\gorn\src\gorn\render\gl.hpp(45): fatal error C1083: Cannot open include file: 'GL/glew.h': No such file or directory
         RenderQueue.cpp
     1>e:\projects\gorn\src\gorn\render\gl.hpp(45): fatal error C1083: Cannot open include file: 'GL/glew.h': No such file or directory
         RenderCommand.cpp
     1>e:\projects\gorn\src\gorn\render\gl.hpp(45): fatal error C1083: Cannot open include file: 'GL/glew.h': No such file or directory
         ProgramManager.cpp
     1>e:\projects\gorn\src\gorn\render\gl.hpp(45): fatal error C1083: Cannot open include file: 'GL/glew.h': No such file or directory
         ProgramDefinition.cpp
     1>e:\projects\gorn\src\gorn\render\gl.hpp(45): fatal error C1083: Cannot open include file: 'GL/glew.h': No such file or directory
         Program.cpp
     1>e:\projects\gorn\src\gorn\render\gl.hpp(45): fatal error C1083: Cannot open include file: 'GL/glew.h': No such file or directory
         MaterialManager.cpp
     1>e:\projects\gorn\src\gorn\render\gl.hpp(45): fatal error C1083: Cannot open include file: 'GL/glew.h': No such file or directory
         MaterialDefinition.cpp
     1>e:\projects\gorn\src\gorn\render\gl.hpp(45): fatal error C1083: Cannot open include file: 'GL/glew.h': No such file or directory
         Material.cpp
     1>e:\projects\gorn\src\gorn\render\gl.hpp(45): fatal error C1083: Cannot open include file: 'GL/glew.h': No such file or directory
         Kinds.cpp
         Gl.cpp
     1>e:\projects\gorn\src\gorn\render\gl.hpp(45): fatal error C1083: Cannot open include file: 'GL/glew.h': No such file or directory
         AttributeDefinition.cpp
     1>e:\projects\gorn\src\gorn\render\gl.hpp(45): fatal error C1083: Cannot open include file: 'GL/glew.h': No such file or directory
         Gorn.cpp
     1>e:\projects\gorn\src\gorn\platform\windows\gorn.cpp(12): fatal error C1083: Cannot open include file: 'gl\glaux.h': No such file or directory
         Generating Code...
         Compiling...
         String.cpp
     1>e:\projects\gorn\src\gorn\base\string.cpp(120): warning C4244: 'return' : conversion from 'double' to 'float', possible loss of data
         Data.cpp
     1>e:\projects\gorn\src\gorn\base\data.cpp(25): error C4996: 'fopen': This function or variable may be unsafe. Consider using fopen_s instead. To disable deprecation, use _CRT_SECURE_NO_WARNINGS. See online help for details.
                 c:\program files (x86)\microsoft visual studio 12.0\vc\include\stdio.h(211) : see declaration of 'fopen'
         Context.cpp
     1>e:\projects\gorn\src\gorn\render\gl.hpp(45): fatal error C1083: Cannot open include file: 'GL/glew.h': No such file or directory
         Image.cpp
     1>e:\projects\gorn\src\gorn\render\gl.hpp(45): fatal error C1083: Cannot open include file: 'GL/glew.h': No such file or directory
         FileManager.cpp
         FileLoader.cpp
         Generating Code...
     1>Done Building Project "E:\Projects\gorn\proj.windows\gorn.vcxproj" (Build target(s)) -- FAILED.

Build FAILED.

Time Elapsed 00:00:06.19
